-------------------------------------------------------------------------------
Test set: Authentication
-------------------------------------------------------------------------------
Tests run: 2, Failures: 1, Errors: 0, Skipped: 0, Time elapsed: 24.07 s <<< FAILURE! - in Authentication
Login with valid user(Authentication)  Time elapsed: 12.257 s  <<< FAILURE!
java.lang.AssertionError: Failed to land on home page

