<?xml version="1.0" encoding="UTF-8"?>
<testsuite xmlns:xsi="http://www.w3.org/2001/XMLSchema-instance" xsi:noNamespaceSchemaLocation="https://maven.apache.org/surefire/maven-surefire-plugin/xsd/surefire-test-report.xsd" name="Authentication" time="24.07" tests="2" errors="0" skipped="0" failures="1">
  <properties>
[...]
</properties>
  <testcase name="Login with valid user" classname="Authentication" time="12.257">
    <failure message="Failed to land on home page" type="java.lang.AssertionError">java.lang.AssertionError: Failed to land on home page
</failure>
    <system-out><![CDATA[May 23, 2020 5:22:02 AM io.cucumber.junit.Cucumber <init>
WARNING: By default Cucumber is running in --non-strict mode.
This default will change to --strict and --non-strict will be removed.
You can use --strict or @CucumberOptions(strict = true) to suppress this warning

&amp#27;[31mFailed scenarios:&amp#27;[0m
&amp#27;[31mfile:///C:/Users/Ravi/git/SDET_Professional_7th_March_Batch1/src/test/resources/features/Login.feature:6&amp#27;[0m# Login with valid user
&amp#27;[31mfile:///C:/Users/Ravi/git/SDET_Professional_7th_March_Batch1/src/test/resources/features/Registration.feature:16&amp#27;[0m# user registration with invalid user details

4 Scenarios (&amp#27;[31m2 failed&amp#27;[0m, &amp#27;[32m2 passed&amp#27;[0m)
28 Steps (&amp#27;[31m2 failed&amp#27;[0m, &amp#27;[32m26 passed&amp#27;[0m)
0m24.074s


java.lang.AssertionError: Failed to land on home page
	at org.junit.Assert.fail(Assert.java:89)
	at org.junit.Assert.assertTrue(Assert.java:42)
	at org.devlab.stepdef.LoginStepDef.i_should_land_on_authenticated_home_page(LoginStepDef.java:33)
	at ?.I should land on authenticated home page(file:///C:/Users/Ravi/git/SDET_Professional_7th_March_Batch1/src/test/resources/features/Login.feature:10)

java.lang.AssertionError
	at org.junit.Assert.fail(Assert.java:87)
	at org.junit.Assert.assertTrue(Assert.java:42)
	at org.junit.Assert.assertFalse(Assert.java:65)
	at org.junit.Assert.assertFalse(Assert.java:75)
	at org.devlab.stepdef.RegistrationStepDef.i_should_not_land_on_registration_confirmation_page(RegistrationStepDef.java:49)
	at ?.I should not land on registration confirmation page(file:///C:/Users/Ravi/git/SDET_Professional_7th_March_Batch1/src/test/resources/features/Registration.feature:23)


I am in afterclasss method

Scenario: Login with valid user                   &amp#27;[90m# src/test/resources/features/Login.feature:6&amp#27;[0m
  &amp#27;[32mGiven &amp#27;[0m&amp#27;[32mI launch the application&amp#27;[0m                  &amp#27;[90m# org.devlab.stepdef.CommonStepDef.i_launch_the_application()&amp#27;[0m
  &amp#27;[32mWhen &amp#27;[0m&amp#27;[32mI enter username &amp#27;[0m&amp#27;[32m&amp#27;[1m"validuser"&amp#27;[0m&amp#27;[32m on login page&amp#27;[0m &amp#27;[90m# org.devlab.stepdef.LoginStepDef.i_enter_username_on_login_page(java.lang.String)&amp#27;[0m
  &amp#27;[32mAnd &amp#27;[0m&amp#27;[32mI enter password &amp#27;[0m&amp#27;[32m&amp#27;[1m"password"&amp#27;[0m&amp#27;[32m on login page&amp#27;[0m   &amp#27;[90m# org.devlab.stepdef.LoginStepDef.i_enter_password_on_login_page(java.lang.String)&amp#27;[0m
  &amp#27;[32mAnd &amp#27;[0m&amp#27;[32mI click on Submit button on login page&amp#27;[0m      &amp#27;[90m# org.devlab.stepdef.LoginStepDef.i_click_on_Submit_button_on_login_page()&amp#27;[0m
  &amp#27;[31mThen &amp#27;[0m&amp#27;[31mI should land on authenticated home page&amp#27;[0m   &amp#27;[90m# org.devlab.stepdef.LoginStepDef.i_should_land_on_authenticated_home_page()&amp#27;[0m
      &amp#27;[31mjava.lang.AssertionError: Failed to land on home page
	at org.junit.Assert.fail(Assert.java:89)
	at org.junit.Assert.assertTrue(Assert.java:42)
	at org.devlab.stepdef.LoginStepDef.i_should_land_on_authenticated_home_page(LoginStepDef.java:33)
	at ?.I should land on authenticated home page(file:///C:/Users/Ravi/git/SDET_Professional_7th_March_Batch1/src/test/resources/features/Login.feature:10)
&amp#27;[0m

    Embedding Screen shot [image/png 53810 bytes]

]]></system-out>
    <system-err><![CDATA[Starting ChromeDriver 81.0.4044.20 (f006328e39a9769596eb506c8841c3004b24e747-refs/branch-heads/4044@{#244}) on port 28445
Only local connections are allowed.
Please protect ports used by ChromeDriver and related test frameworks to prevent access by malicious code.
May 23, 2020 5:22:05 AM org.openqa.selenium.remote.ProtocolHandshake createSession
INFO: Detected dialect: W3C
[1590191527.908][SEVERE]: Timed out receiving message from renderer: 0.100
[1590191528.011][SEVERE]: Timed out receiving message from renderer: 0.100
[1590191528.119][SEVERE]: Timed out receiving message from renderer: 0.100
[1590191528.220][SEVERE]: Timed out receiving message from renderer: 0.100
[1590191528.322][SEVERE]: Timed out receiving message from renderer: 0.100
[1590191528.497][SEVERE]: Timed out receiving message from renderer: 0.100
[1590191528.599][SEVERE]: Timed out receiving message from renderer: 0.100
[1590191528.701][SEVERE]: Timed out receiving message from renderer: 0.100
[1590191528.803][SEVERE]: Timed out receiving message from renderer: 0.100
[1590191528.906][SEVERE]: Timed out receiving message from renderer: 0.100
[1590191529.008][SEVERE]: Timed out receiving message from renderer: 0.100
[1590191529.109][SEVERE]: Timed out receiving message from renderer: 0.100
[1590191529.210][SEVERE]: Timed out receiving message from renderer: 0.100
[1590191529.313][SEVERE]: Timed out receiving message from renderer: 0.100
[1590191531.475][SEVERE]: Timed out receiving message from renderer: 0.100
]]></system-err>
  </testcase>
  <testcase name="Login with invalid user" classname="Authentication" time="11.813"/>
</testsuite>