-------------------------------------------------------------------------------
Test set: User registration
-------------------------------------------------------------------------------
Tests run: 2, Failures: 1, Errors: 0, Skipped: 0, Time elapsed: 22.678 s <<< FAILURE! - in User registration
user registration with invalid user details(User registration)  Time elapsed: 11.295 s  <<< FAILURE!
java.lang.AssertionError

